2024-03-28T16:15:43.089046Z [rsession-r2555987] INFO Reading rsession configuration from '/etc/rstudio/rsession.conf'
2024-03-28T16:15:43.187455Z [rsession-r2555987] INFO Set CRAN URL for session to 'https://cran.rstudio.com/' (source: preference defaults)
2024-03-28T16:15:43.515807Z [rsession-r2555987] INFO Databricks pane requires user-provided DATABRICKS_HOST and DATABRICKS_TOKEN
2024-03-28T16:15:43.661367Z [rsession-r2555987] INFO No admin notifications found at /etc/rstudio/notifications.conf
2024-03-28T16:15:44.084205Z [rsession-r2555987] INFO No keybindings/rstudio_bindings.json found at /etc/rstudio/keybindings/rstudio_bindings.json
2024-03-28T16:15:44.084861Z [rsession-r2555987] INFO No keybindings/addins.json found at /etc/rstudio/keybindings/addins.json
2024-03-28T16:15:44.085638Z [rsession-r2555987] INFO No keybindings/editor_bindings.json found at /etc/rstudio/keybindings/editor_bindings.json
2024-03-28T17:03:16.550034Z [rsession-r2555987] INFO Lowered CPU priority during suspend
2024-03-28T17:07:50.849040Z [rsession-r2555987] INFO Reading rsession configuration from '/etc/rstudio/rsession.conf'
2024-03-28T17:07:50.883879Z [rsession-r2555987] INFO Set CRAN URL for session to 'https://cran.rstudio.com/' (source: preference defaults)
2024-03-28T17:07:51.413047Z [rsession-r2555987] INFO Databricks pane requires user-provided DATABRICKS_HOST and DATABRICKS_TOKEN
2024-03-28T17:07:52.453692Z [rsession-r2555987] INFO No admin notifications found at /etc/rstudio/notifications.conf
2024-03-28T17:07:52.933882Z [rsession-r2555987] INFO No keybindings/editor_bindings.json found at /etc/rstudio/keybindings/editor_bindings.json
2024-03-28T17:07:52.934405Z [rsession-r2555987] INFO No keybindings/addins.json found at /etc/rstudio/keybindings/addins.json
2024-03-28T17:07:52.935227Z [rsession-r2555987] INFO No keybindings/rstudio_bindings.json found at /etc/rstudio/keybindings/rstudio_bindings.json
2024-03-28T17:38:02.265334Z [rsession-r2555987] INFO Lowered CPU priority during suspend
2024-03-28T17:38:02.725185Z [rsession-r2555987] ERROR system error 9 (Bad file descriptor); OCCURRED AT rstudio::core::Error rstudio::core::system::user::socketPeerIdentity(int, rstudio::core::system::user::UserIdentity*) src/cpp/core/system/PosixUser.cpp:58; LOGGED FROM: virtual bool rstudio::session::LocalStreamHttpConnectionListener::validateConnection(rstudio_boost::shared_ptr<rstudio::session::HttpConnectionImpl<rstudio_boost::asio::local::stream_protocol> >) src/cpp/session/http/SessionPosixHttpConnectionListener.cpp:89
2024-03-28T17:46:50.799847Z [rsession-r2555987] INFO Reading rsession configuration from '/etc/rstudio/rsession.conf'
2024-03-28T17:46:50.829141Z [rsession-r2555987] INFO Set CRAN URL for session to 'https://cran.rstudio.com/' (source: preference defaults)
2024-03-28T17:46:51.436879Z [rsession-r2555987] INFO Databricks pane requires user-provided DATABRICKS_HOST and DATABRICKS_TOKEN
2024-03-28T17:46:52.463854Z [rsession-r2555987] INFO No admin notifications found at /etc/rstudio/notifications.conf
2024-03-28T17:46:53.008359Z [rsession-r2555987] INFO No keybindings/rstudio_bindings.json found at /etc/rstudio/keybindings/rstudio_bindings.json
2024-03-28T17:46:53.009370Z [rsession-r2555987] INFO No keybindings/addins.json found at /etc/rstudio/keybindings/addins.json
2024-03-28T17:46:53.009847Z [rsession-r2555987] INFO No keybindings/editor_bindings.json found at /etc/rstudio/keybindings/editor_bindings.json
2024-03-28T17:48:11.887137Z [rsession-r2555987] INFO Lowered CPU priority during suspend
2024-03-28T17:53:06.833770Z [rsession-r2555987] INFO Reading rsession configuration from '/etc/rstudio/rsession.conf'
2024-03-28T17:53:06.945714Z [rsession-r2555987] INFO Set CRAN URL for session to 'https://cran.rstudio.com/' (source: preference defaults)
2024-03-28T17:53:08.324715Z [rsession-r2555987] INFO Databricks pane requires user-provided DATABRICKS_HOST and DATABRICKS_TOKEN
2024-03-28T17:53:10.895759Z [rsession-r2555987] INFO No admin notifications found at /etc/rstudio/notifications.conf
2024-03-28T17:53:11.321157Z [rsession-r2555987] INFO No keybindings/editor_bindings.json found at /etc/rstudio/keybindings/editor_bindings.json
2024-03-28T17:53:11.321798Z [rsession-r2555987] INFO No keybindings/addins.json found at /etc/rstudio/keybindings/addins.json
2024-03-28T17:53:11.322127Z [rsession-r2555987] INFO No keybindings/rstudio_bindings.json found at /etc/rstudio/keybindings/rstudio_bindings.json
2024-03-28T18:17:46.502672Z [rsession-r2555987] INFO Reading rsession configuration from '/etc/rstudio/rsession.conf'
2024-03-28T18:17:46.520236Z [rsession-r2555987] INFO Set CRAN URL for session to 'https://cran.rstudio.com/' (source: preference defaults)
2024-03-28T18:17:47.146050Z [rsession-r2555987] INFO Databricks pane requires user-provided DATABRICKS_HOST and DATABRICKS_TOKEN
2024-03-28T18:17:48.364995Z [rsession-r2555987] INFO No admin notifications found at /etc/rstudio/notifications.conf
2024-03-28T18:43:51.963924Z [rsession-r2555987] INFO Lowered CPU priority during suspend
2024-03-28T18:46:30.290884Z [rsession-r2555987] INFO Reading rsession configuration from '/etc/rstudio/rsession.conf'
2024-03-28T18:46:30.325372Z [rsession-r2555987] INFO Set CRAN URL for session to 'https://cran.rstudio.com/' (source: preference defaults)
2024-03-28T18:46:30.986162Z [rsession-r2555987] INFO Databricks pane requires user-provided DATABRICKS_HOST and DATABRICKS_TOKEN
2024-03-28T18:46:31.444235Z [rsession-r2555987] INFO No admin notifications found at /etc/rstudio/notifications.conf
2024-03-28T18:46:31.851623Z [rsession-r2555987] INFO No keybindings/addins.json found at /etc/rstudio/keybindings/addins.json
2024-03-28T18:46:31.852043Z [rsession-r2555987] INFO No keybindings/editor_bindings.json found at /etc/rstudio/keybindings/editor_bindings.json
2024-03-28T18:46:31.857600Z [rsession-r2555987] INFO No keybindings/rstudio_bindings.json found at /etc/rstudio/keybindings/rstudio_bindings.json
2024-03-28T19:18:07.113089Z [rsession-r2555987] INFO Lowered CPU priority during suspend
2024-03-28T20:02:16.684759Z [rsession-r2555987] INFO Reading rsession configuration from '/etc/rstudio/rsession.conf'
2024-03-28T20:02:16.782953Z [rsession-r2555987] INFO Set CRAN URL for session to 'https://cran.rstudio.com/' (source: preference defaults)
2024-03-28T20:02:18.398476Z [rsession-r2555987] INFO Databricks pane requires user-provided DATABRICKS_HOST and DATABRICKS_TOKEN
2024-03-28T20:02:21.687372Z [rsession-r2555987] INFO No admin notifications found at /etc/rstudio/notifications.conf
2024-03-28T20:02:22.185212Z [rsession-r2555987] INFO No keybindings/editor_bindings.json found at /etc/rstudio/keybindings/editor_bindings.json
2024-03-28T20:02:22.185598Z [rsession-r2555987] INFO No keybindings/addins.json found at /etc/rstudio/keybindings/addins.json
2024-03-28T20:02:22.185908Z [rsession-r2555987] INFO No keybindings/rstudio_bindings.json found at /etc/rstudio/keybindings/rstudio_bindings.json
2024-03-28T20:10:53.489610Z [rsession-r2555987] INFO Reading rsession configuration from '/etc/rstudio/rsession.conf'
2024-03-28T20:10:53.517831Z [rsession-r2555987] INFO Set CRAN URL for session to 'https://cran.rstudio.com/' (source: preference defaults)
2024-03-28T20:10:54.157406Z [rsession-r2555987] INFO Databricks pane requires user-provided DATABRICKS_HOST and DATABRICKS_TOKEN
2024-03-28T20:10:56.693518Z [rsession-r2555987] INFO No admin notifications found at /etc/rstudio/notifications.conf
2024-03-28T20:48:01.010370Z [rsession-r2555987] INFO Lowered CPU priority during suspend
2024-03-28T20:52:22.845123Z [rsession-r2555987] INFO Reading rsession configuration from '/etc/rstudio/rsession.conf'
2024-03-28T20:52:22.862479Z [rsession-r2555987] INFO Set CRAN URL for session to 'https://cran.rstudio.com/' (source: preference defaults)
2024-03-28T20:52:23.459480Z [rsession-r2555987] INFO Databricks pane requires user-provided DATABRICKS_HOST and DATABRICKS_TOKEN
2024-03-28T20:52:24.376252Z [rsession-r2555987] INFO No admin notifications found at /etc/rstudio/notifications.conf
2024-03-28T20:52:24.800965Z [rsession-r2555987] INFO No keybindings/editor_bindings.json found at /etc/rstudio/keybindings/editor_bindings.json
2024-03-28T20:52:24.801723Z [rsession-r2555987] INFO No keybindings/rstudio_bindings.json found at /etc/rstudio/keybindings/rstudio_bindings.json
2024-03-28T20:52:24.802051Z [rsession-r2555987] INFO No keybindings/addins.json found at /etc/rstudio/keybindings/addins.json
